Arguments: 
  /Users/hack/.nvm/versions/node/v16.13.0/bin/node /Users/hack/.yarn/bin/yarn.js login

PATH: 
  /Users/hack/.local/share/fig/plugins/git-open:/Users/hack/Library/pnpm:/Users/hack/Downloads/google-cloud-sdk/bin:/Users/hack/.yarn/bin:/Users/hack/.config/yarn/global/node_modules/.bin:/Users/hack/.bun/bin:/Users/hack/.nvm/versions/node/v16.13.0/bin:/opt/homebrew/opt/ruby/bin:/opt/homebrew/lib/ruby/gems/3.1.0/bin:/Users/hack/bin:/usr/local/bin:/opt/homebrew/bin:/opt/homebrew/sbin:/usr/local/bin:/System/Cryptexes/App/usr/bin:/usr/bin:/bin:/usr/sbin:/sbin:/Applications/Little Snitch.app/Contents/Components:/opt/X11/bin:/Library/Apple/usr/bin:/Users/hack/.local/share/fig/plugins/git-open:/Users/hack/Library/pnpm:/Users/hack/Downloads/google-cloud-sdk/bin:/Users/hack/.yarn/bin:/Users/hack/.config/yarn/global/node_modules/.bin:/Users/hack/.bun/bin:/opt/homebrew/opt/ruby/bin:/opt/homebrew/lib/ruby/gems/3.1.0/bin:/Users/hack/bin:/opt/homebrew/bin:/opt/homebrew/sbin:/Users/hack/.cargo/bin:/Users/hack/.fig/bin:/Users/hack/.local/bin:/Users/hack/go/bin:/opt/homebrew/opt/fzf/bin:/Users/hack/.local/share/fig/plugins/forgit/bin:/Users/hack/.local/share/fig/plugins/zeno.zsh_yuki-yano/bin:/Users/hack/go/bin:/Users/hack/.local/share/fig/plugins/forgit/bin:/Users/hack/.local/share/fig/plugins/zeno.zsh_yuki-yano/bin:/Users/hack/.local/share/fig/plugins/zeno.zsh_yuki-yano/bin

Yarn version: 
  1.22.19

Node version: 
  16.13.0

Platform: 
  darwin arm64

Trace: 
  Error: canceled
      at Interface.<anonymous> (/Users/hack/.yarn/lib/cli.js:137150:13)
      at Interface.emit (node:events:390:28)
      at Interface._ttyWrite (node:readline:1081:16)
      at ReadStream.onkeypress (node:readline:288:10)
      at ReadStream.emit (node:events:390:28)
      at emitKeys (node:internal/readline/utils:358:14)
      at emitKeys.next (<anonymous>)
      at ReadStream.onData (node:internal/readline/emitKeypressEvents:61:36)
      at ReadStream.emit (node:events:390:28)
      at addChunk (node:internal/streams/readable:315:12)

npm manifest: 
  {
  	"name": "push-secrets",
  	"version": "1.0.0",
  	"description": "A tool for pushing secrets from a local .env file to a GitHub repository.",
  	"main": "./push-secrets",
  	"scripts": {
  		"test": "echo \"Error: no test specified\" && exit 1"
  	},
  	"repository": {
  		"type": "git",
  		"url": "git+https://github.com/itsbrex/push-env-to-github-secrets.git"
  	},
  	"keywords": [
  		"env",
  		"github",
  		"secrets"
  	],
  	"author": "Brian Roach",
  	"license": "ISC",
  	"bugs": {
  		"url": "https://github.com/itsbrex/push-env-to-github-secrets/issues"
  	},
  	"homepage": "https://github.com/itsbrex/push-env-to-github-secrets#readme",
  	"dependencies": {
  		"gh": "^2.8.9"
  	},
  	"bin": {
  		"push-secrets": "./push-secrets"
  	}
  }

yarn manifest: 
  No manifest

Lockfile: 
  No lockfile
